#############################################
kadai05:[1;34m  info: [mRunning tests. (v0.0.2)
kadai-a:[1;31m error: [mNo 'kadai-a' directory!
kadai-bcde:[1;31m error: [mNo 'kadai-bcde' directory!
kadai05:[1;34m  info: [mAll tests finished!
#############################################
